2025-12-18 22:38:43.0897 - INFO - graphrag.index.validate_config - LLM Config Params Validated
2025-12-18 22:38:45.0501 - INFO - graphrag.index.validate_config - Embedding LLM Config Params Validated
2025-12-18 22:38:45.0501 - INFO - graphrag.cli.index - Starting pipeline run. False
2025-12-18 22:38:45.0502 - INFO - graphrag.cli.index - Using default configuration: {
    "root_dir": "/home/mikhail/Laad/RAG/Microsoft_GraphRag_GPT-5-nano",
    "models": {
        "default_chat_model": {
            "api_key": "==== REDACTED ====",
            "auth_type": "api_key",
            "type": "chat",
            "model_provider": "openai",
            "model": "gpt-4o-2024-08-06",
            "encoding_model": "",
            "api_base": null,
            "api_version": null,
            "deployment_name": null,
            "proxy": null,
            "audience": null,
            "model_supports_json": true,
            "request_timeout": 180.0,
            "tokens_per_minute": null,
            "requests_per_minute": null,
            "rate_limit_strategy": "static",
            "retry_strategy": "exponential_backoff",
            "max_retries": 10,
            "max_retry_wait": 10.0,
            "concurrent_requests": 25,
            "async_mode": "threaded",
            "responses": null,
            "max_tokens": null,
            "temperature": 0,
            "max_completion_tokens": null,
            "reasoning_effort": null,
            "top_p": 1,
            "n": 1,
            "frequency_penalty": 0.0,
            "presence_penalty": 0.0
        },
        "default_embedding_model": {
            "api_key": "==== REDACTED ====",
            "auth_type": "api_key",
            "type": "embedding",
            "model_provider": "openai",
            "model": "text-embedding-3-small",
            "encoding_model": "",
            "api_base": null,
            "api_version": null,
            "deployment_name": null,
            "proxy": null,
            "audience": null,
            "model_supports_json": null,
            "request_timeout": 180.0,
            "tokens_per_minute": null,
            "requests_per_minute": null,
            "rate_limit_strategy": "static",
            "retry_strategy": "exponential_backoff",
            "max_retries": 10,
            "max_retry_wait": 10.0,
            "concurrent_requests": 5,
            "async_mode": "threaded",
            "responses": null,
            "max_tokens": null,
            "temperature": 0,
            "max_completion_tokens": null,
            "reasoning_effort": null,
            "top_p": 1,
            "n": 1,
            "frequency_penalty": 0.0,
            "presence_penalty": 0.0
        }
    },
    "input": {
        "storage": {
            "type": "file",
            "base_dir": "/home/mikhail/Laad/RAG/Microsoft_GraphRag_GPT-5-nano/input",
            "storage_account_blob_url": null,
            "cosmosdb_account_url": null
        },
        "file_type": "text",
        "encoding": "utf-8",
        "file_pattern": ".*\\.txt$",
        "file_filter": null,
        "text_column": "text",
        "title_column": null,
        "metadata": null
    },
    "chunks": {
        "size": 1200,
        "overlap": 100,
        "group_by_columns": [
            "id"
        ],
        "strategy": "tokens",
        "encoding_model": "cl100k_base",
        "prepend_metadata": false,
        "chunk_size_includes_metadata": false
    },
    "output": {
        "type": "file",
        "base_dir": "/home/mikhail/Laad/RAG/Microsoft_GraphRag_GPT-5-nano/output",
        "storage_account_blob_url": null,
        "cosmosdb_account_url": null
    },
    "outputs": null,
    "update_index_output": {
        "type": "file",
        "base_dir": "/home/mikhail/Laad/RAG/Microsoft_GraphRag_GPT-5-nano/update_output",
        "storage_account_blob_url": null,
        "cosmosdb_account_url": null
    },
    "cache": {
        "type": "file",
        "base_dir": "cache",
        "storage_account_blob_url": null,
        "cosmosdb_account_url": null
    },
    "reporting": {
        "type": "file",
        "base_dir": "/home/mikhail/Laad/RAG/Microsoft_GraphRag_GPT-5-nano/logs",
        "storage_account_blob_url": null
    },
    "vector_store": {
        "default_vector_store": {
            "type": "lancedb",
            "db_uri": "/home/mikhail/Laad/RAG/Microsoft_GraphRag_GPT-5-nano/output/lancedb",
            "url": null,
            "audience": null,
            "container_name": "==== REDACTED ====",
            "database_name": null,
            "overwrite": true,
            "embeddings_schema": {}
        }
    },
    "workflows": null,
    "embed_text": {
        "model_id": "default_embedding_model",
        "vector_store_id": "default_vector_store",
        "batch_size": 16,
        "batch_max_tokens": 8191,
        "names": [
            "entity.description",
            "community.full_content",
            "text_unit.text"
        ],
        "strategy": null
    },
    "extract_graph": {
        "model_id": "default_chat_model",
        "prompt": "prompts/extract_graph.txt",
        "entity_types": [
            "organization",
            "person",
            "geo",
            "event"
        ],
        "max_gleanings": 1,
        "strategy": null
    },
    "summarize_descriptions": {
        "model_id": "default_chat_model",
        "prompt": "prompts/summarize_descriptions.txt",
        "max_length": 500,
        "max_input_tokens": 4000,
        "strategy": null
    },
    "extract_graph_nlp": {
        "normalize_edge_weights": true,
        "text_analyzer": {
            "extractor_type": "regex_english",
            "model_name": "en_core_web_md",
            "max_word_length": 15,
            "word_delimiter": " ",
            "include_named_entities": true,
            "exclude_nouns": [
                "stuff",
                "thing",
                "things",
                "bunch",
                "bit",
                "bits",
                "people",
                "person",
                "okay",
                "hey",
                "hi",
                "hello",
                "laughter",
                "oh"
            ],
            "exclude_entity_tags": [
                "DATE"
            ],
            "exclude_pos_tags": [
                "DET",
                "PRON",
                "INTJ",
                "X"
            ],
            "noun_phrase_tags": [
                "PROPN",
                "NOUNS"
            ],
            "noun_phrase_grammars": {
                "PROPN,PROPN": "PROPN",
                "NOUN,NOUN": "NOUNS",
                "NOUNS,NOUN": "NOUNS",
                "ADJ,ADJ": "ADJ",
                "ADJ,NOUN": "NOUNS"
            }
        },
        "concurrent_requests": 25,
        "async_mode": "threaded"
    },
    "prune_graph": {
        "min_node_freq": 2,
        "max_node_freq_std": null,
        "min_node_degree": 1,
        "max_node_degree_std": null,
        "min_edge_weight_pct": 40.0,
        "remove_ego_nodes": true,
        "lcc_only": false
    },
    "cluster_graph": {
        "max_cluster_size": 10,
        "use_lcc": true,
        "seed": 3735928559
    },
    "extract_claims": {
        "enabled": false,
        "model_id": "default_chat_model",
        "prompt": "prompts/extract_claims.txt",
        "description": "Any claims or facts that could be relevant to information discovery.",
        "max_gleanings": 1,
        "strategy": null
    },
    "community_reports": {
        "model_id": "default_chat_model",
        "graph_prompt": "prompts/community_report_graph.txt",
        "text_prompt": "prompts/community_report_text.txt",
        "max_length": 2000,
        "max_input_length": 8000,
        "strategy": null
    },
    "embed_graph": {
        "enabled": false,
        "dimensions": 1536,
        "num_walks": 10,
        "walk_length": 40,
        "window_size": 2,
        "iterations": 3,
        "random_seed": 597832,
        "use_lcc": true
    },
    "umap": {
        "enabled": false
    },
    "snapshots": {
        "embeddings": false,
        "graphml": false,
        "raw_graph": false
    },
    "local_search": {
        "prompt": "prompts/local_search_system_prompt.txt",
        "chat_model_id": "default_chat_model",
        "embedding_model_id": "default_embedding_model",
        "text_unit_prop": 0.5,
        "community_prop": 0.15,
        "conversation_history_max_turns": 5,
        "top_k_entities": 10,
        "top_k_relationships": 10,
        "max_context_tokens": 12000
    },
    "global_search": {
        "map_prompt": "prompts/global_search_map_system_prompt.txt",
        "reduce_prompt": "prompts/global_search_reduce_system_prompt.txt",
        "chat_model_id": "default_chat_model",
        "knowledge_prompt": "prompts/global_search_knowledge_system_prompt.txt",
        "max_context_tokens": 12000,
        "data_max_tokens": 12000,
        "map_max_length": 1000,
        "reduce_max_length": 2000,
        "dynamic_search_threshold": 1,
        "dynamic_search_keep_parent": false,
        "dynamic_search_num_repeats": 1,
        "dynamic_search_use_summary": false,
        "dynamic_search_max_level": 2
    },
    "drift_search": {
        "prompt": "prompts/drift_search_system_prompt.txt",
        "reduce_prompt": "prompts/drift_search_reduce_prompt.txt",
        "chat_model_id": "default_chat_model",
        "embedding_model_id": "default_embedding_model",
        "data_max_tokens": 12000,
        "reduce_max_tokens": null,
        "reduce_temperature": 0,
        "reduce_max_completion_tokens": null,
        "concurrency": 32,
        "drift_k_followups": 20,
        "primer_folds": 5,
        "primer_llm_max_tokens": 12000,
        "n_depth": 3,
        "local_search_text_unit_prop": 0.9,
        "local_search_community_prop": 0.1,
        "local_search_top_k_mapped_entities": 10,
        "local_search_top_k_relationships": 10,
        "local_search_max_data_tokens": 12000,
        "local_search_temperature": 0,
        "local_search_top_p": 1,
        "local_search_n": 1,
        "local_search_llm_max_gen_tokens": null,
        "local_search_llm_max_gen_completion_tokens": null
    },
    "basic_search": {
        "prompt": "prompts/basic_search_system_prompt.txt",
        "chat_model_id": "default_chat_model",
        "embedding_model_id": "default_embedding_model",
        "k": 10,
        "max_context_tokens": 12000
    }
}
2025-12-18 22:38:45.0504 - INFO - graphrag.api.index - Initializing indexing pipeline...
2025-12-18 22:38:45.0504 - INFO - graphrag.index.workflows.factory - Creating pipeline with workflows: ['load_input_documents', 'create_base_text_units', 'create_final_documents', 'extract_graph', 'finalize_graph', 'extract_covariates', 'create_communities', 'create_final_text_units', 'create_community_reports', 'generate_text_embeddings']
2025-12-18 22:38:45.0504 - INFO - graphrag.storage.file_pipeline_storage - Creating file storage at /home/mikhail/Laad/RAG/Microsoft_GraphRag_GPT-5-nano/input
2025-12-18 22:38:45.0504 - INFO - graphrag.storage.file_pipeline_storage - Creating file storage at /home/mikhail/Laad/RAG/Microsoft_GraphRag_GPT-5-nano/output
2025-12-18 22:38:45.0504 - INFO - graphrag.storage.file_pipeline_storage - Creating file storage at /home/mikhail/Laad/RAG/Microsoft_GraphRag_GPT-5-nano
2025-12-18 22:38:45.0505 - INFO - graphrag.storage.file_pipeline_storage - Creating file storage at /home/mikhail/Laad/RAG/Microsoft_GraphRag_GPT-5-nano/cache
2025-12-18 22:38:45.0506 - INFO - graphrag.index.run.run_pipeline - Running standard indexing.
2025-12-18 22:38:45.0506 - INFO - graphrag.storage.file_pipeline_storage - Creating file storage at 
2025-12-18 22:38:45.0509 - INFO - graphrag.index.run.run_pipeline - Executing pipeline...
2025-12-18 22:38:45.0509 - INFO - graphrag.index.input.factory - loading input from root_dir=/home/mikhail/Laad/RAG/Microsoft_GraphRag_GPT-5-nano/input
2025-12-18 22:38:45.0509 - INFO - graphrag.index.input.factory - Loading Input InputFileType.text
2025-12-18 22:38:45.0509 - INFO - graphrag.storage.file_pipeline_storage - search /home/mikhail/Laad/RAG/Microsoft_GraphRag_GPT-5-nano/input for files matching .*\.txt$
2025-12-18 22:38:45.0511 - INFO - graphrag.index.input.util - Found 1 InputFileType.text files, loading 1
2025-12-18 22:38:45.0512 - INFO - graphrag.index.input.util - Total number of unfiltered InputFileType.text rows: 1
2025-12-18 22:38:45.0512 - INFO - graphrag.index.workflows.load_input_documents - Final # of rows loaded: 1
2025-12-18 22:38:45.0530 - INFO - graphrag.api.index - Workflow load_input_documents completed successfully
2025-12-18 22:38:45.0534 - INFO - graphrag.index.workflows.create_base_text_units - Workflow started: create_base_text_units
2025-12-18 22:38:45.0535 - INFO - graphrag.utils.storage - reading table from storage: documents.parquet
2025-12-18 22:38:45.0545 - INFO - graphrag.index.workflows.create_base_text_units - Starting chunking process for 1 documents
2025-12-18 22:38:45.0552 - INFO - graphrag.index.workflows.create_base_text_units - chunker progress:  1/1
2025-12-18 22:38:45.0559 - INFO - graphrag.index.workflows.create_base_text_units - Workflow completed: create_base_text_units
2025-12-18 22:38:45.0559 - INFO - graphrag.api.index - Workflow create_base_text_units completed successfully
2025-12-18 22:38:45.0563 - INFO - graphrag.index.workflows.create_final_documents - Workflow started: create_final_documents
2025-12-18 22:38:45.0563 - INFO - graphrag.utils.storage - reading table from storage: documents.parquet
2025-12-18 22:38:45.0566 - INFO - graphrag.utils.storage - reading table from storage: text_units.parquet
2025-12-18 22:38:45.0576 - INFO - graphrag.index.workflows.create_final_documents - Workflow completed: create_final_documents
2025-12-18 22:38:45.0576 - INFO - graphrag.api.index - Workflow create_final_documents completed successfully
2025-12-18 22:38:45.0580 - INFO - graphrag.index.workflows.extract_graph - Workflow started: extract_graph
2025-12-18 22:38:45.0581 - INFO - graphrag.utils.storage - reading table from storage: text_units.parquet
2025-12-18 22:38:45.0586 - INFO - graphrag.storage.file_pipeline_storage - Creating file storage at /home/mikhail/Laad/RAG/Microsoft_GraphRag_GPT-5-nano/cache/extract_graph
2025-12-18 22:39:11.0588 - ERROR - graphrag.language_model.providers.litellm.services.retry.exponential_retry - ExponentialRetry: Request failed, retrying, retries=1, delay=2.0, max_retries=10, exception=litellm.RateLimitError: RateLimitError: OpenAIException - Rate limit reached for gpt-4o in organization org-Slrgp7HI2I5TUyAkcyuAji9F on tokens per min (TPM): Limit 30000, Used 30000, Requested 4748. Please try again in 9.496s. Visit https://platform.openai.com/account/rate-limits to learn more.
Traceback (most recent call last):
  File "/home/mikhail/.conda/envs/IA/lib/python3.12/site-packages/litellm/llms/openai/openai.py", line 836, in acompletion
    headers, response = await self.make_openai_chat_completion_request(
                        ^^^^^^^^^^^^^^^^^^^^^^^^^^^^^^^^^^^^^^^^^^^^^^^
  File "/home/mikhail/.conda/envs/IA/lib/python3.12/site-packages/litellm/litellm_core_utils/logging_utils.py", line 190, in async_wrapper
    result = await func(*args, **kwargs)
             ^^^^^^^^^^^^^^^^^^^^^^^^^^^
  File "/home/mikhail/.conda/envs/IA/lib/python3.12/site-packages/litellm/llms/openai/openai.py", line 460, in make_openai_chat_completion_request
    raise e
  File "/home/mikhail/.conda/envs/IA/lib/python3.12/site-packages/litellm/llms/openai/openai.py", line 437, in make_openai_chat_completion_request
    await openai_aclient.chat.completions.with_raw_response.create(
  File "/home/mikhail/.conda/envs/IA/lib/python3.12/site-packages/openai/_legacy_response.py", line 381, in wrapped
    return cast(LegacyAPIResponse[R], await func(*args, **kwargs))
                                      ^^^^^^^^^^^^^^^^^^^^^^^^^^^
  File "/home/mikhail/.conda/envs/IA/lib/python3.12/site-packages/openai/resources/chat/completions/completions.py", line 2678, in create
    return await self._post(
           ^^^^^^^^^^^^^^^^^
  File "/home/mikhail/.conda/envs/IA/lib/python3.12/site-packages/openai/_base_client.py", line 1797, in post
    return await self.request(cast_to, opts, stream=stream, stream_cls=stream_cls)
           ^^^^^^^^^^^^^^^^^^^^^^^^^^^^^^^^^^^^^^^^^^^^^^^^^^^^^^^^^^^^^^^^^^^^^^^
  File "/home/mikhail/.conda/envs/IA/lib/python3.12/site-packages/openai/_base_client.py", line 1597, in request
    raise self._make_status_error_from_response(err.response) from None
openai.RateLimitError: Error code: 429 - {'error': {'message': 'Rate limit reached for gpt-4o in organization org-Slrgp7HI2I5TUyAkcyuAji9F on tokens per min (TPM): Limit 30000, Used 30000, Requested 4748. Please try again in 9.496s. Visit https://platform.openai.com/account/rate-limits to learn more.', 'type': 'tokens', 'param': None, 'code': 'rate_limit_exceeded'}}

During handling of the above exception, another exception occurred:

Traceback (most recent call last):
  File "/home/mikhail/.conda/envs/IA/lib/python3.12/site-packages/litellm/main.py", line 607, in acompletion
    response = await init_response
               ^^^^^^^^^^^^^^^^^^^
  File "/home/mikhail/.conda/envs/IA/lib/python3.12/site-packages/litellm/llms/openai/openai.py", line 883, in acompletion
    raise OpenAIError(
litellm.llms.openai.common_utils.OpenAIError: Error code: 429 - {'error': {'message': 'Rate limit reached for gpt-4o in organization org-Slrgp7HI2I5TUyAkcyuAji9F on tokens per min (TPM): Limit 30000, Used 30000, Requested 4748. Please try again in 9.496s. Visit https://platform.openai.com/account/rate-limits to learn more.', 'type': 'tokens', 'param': None, 'code': 'rate_limit_exceeded'}}

During handling of the above exception, another exception occurred:

Traceback (most recent call last):
  File "/home/mikhail/.conda/envs/IA/lib/python3.12/site-packages/graphrag/language_model/providers/litellm/services/retry/exponential_retry.py", line 71, in aretry
    return await func(**kwargs)
           ^^^^^^^^^^^^^^^^^^^^
  File "/home/mikhail/.conda/envs/IA/lib/python3.12/site-packages/graphrag/language_model/providers/litellm/chat_model.py", line 109, in _base_acompletion
    return await acompletion(**new_args)
           ^^^^^^^^^^^^^^^^^^^^^^^^^^^^^
  File "/home/mikhail/.conda/envs/IA/lib/python3.12/site-packages/litellm/utils.py", line 1646, in wrapper_async
    raise e
  File "/home/mikhail/.conda/envs/IA/lib/python3.12/site-packages/litellm/utils.py", line 1492, in wrapper_async
    result = await original_function(*args, **kwargs)
             ^^^^^^^^^^^^^^^^^^^^^^^^^^^^^^^^^^^^^^^^
  File "/home/mikhail/.conda/envs/IA/lib/python3.12/site-packages/litellm/main.py", line 626, in acompletion
    raise exception_type(
          ^^^^^^^^^^^^^^^
  File "/home/mikhail/.conda/envs/IA/lib/python3.12/site-packages/litellm/litellm_core_utils/exception_mapping_utils.py", line 2340, in exception_type
    raise e
  File "/home/mikhail/.conda/envs/IA/lib/python3.12/site-packages/litellm/litellm_core_utils/exception_mapping_utils.py", line 367, in exception_type
    raise RateLimitError(
litellm.exceptions.RateLimitError: litellm.RateLimitError: RateLimitError: OpenAIException - Rate limit reached for gpt-4o in organization org-Slrgp7HI2I5TUyAkcyuAji9F on tokens per min (TPM): Limit 30000, Used 30000, Requested 4748. Please try again in 9.496s. Visit https://platform.openai.com/account/rate-limits to learn more.
2025-12-18 22:39:14.0971 - ERROR - graphrag.language_model.providers.litellm.services.retry.exponential_retry - ExponentialRetry: Request failed, retrying, retries=1, delay=2.0, max_retries=10, exception=litellm.RateLimitError: RateLimitError: OpenAIException - Rate limit reached for gpt-4o in organization org-Slrgp7HI2I5TUyAkcyuAji9F on tokens per min (TPM): Limit 30000, Used 30000, Requested 5154. Please try again in 10.308s. Visit https://platform.openai.com/account/rate-limits to learn more.
Traceback (most recent call last):
  File "/home/mikhail/.conda/envs/IA/lib/python3.12/site-packages/litellm/llms/openai/openai.py", line 836, in acompletion
    headers, response = await self.make_openai_chat_completion_request(
                        ^^^^^^^^^^^^^^^^^^^^^^^^^^^^^^^^^^^^^^^^^^^^^^^
  File "/home/mikhail/.conda/envs/IA/lib/python3.12/site-packages/litellm/litellm_core_utils/logging_utils.py", line 190, in async_wrapper
    result = await func(*args, **kwargs)
             ^^^^^^^^^^^^^^^^^^^^^^^^^^^
  File "/home/mikhail/.conda/envs/IA/lib/python3.12/site-packages/litellm/llms/openai/openai.py", line 460, in make_openai_chat_completion_request
    raise e
  File "/home/mikhail/.conda/envs/IA/lib/python3.12/site-packages/litellm/llms/openai/openai.py", line 437, in make_openai_chat_completion_request
    await openai_aclient.chat.completions.with_raw_response.create(
  File "/home/mikhail/.conda/envs/IA/lib/python3.12/site-packages/openai/_legacy_response.py", line 381, in wrapped
    return cast(LegacyAPIResponse[R], await func(*args, **kwargs))
                                      ^^^^^^^^^^^^^^^^^^^^^^^^^^^
  File "/home/mikhail/.conda/envs/IA/lib/python3.12/site-packages/openai/resources/chat/completions/completions.py", line 2678, in create
    return await self._post(
           ^^^^^^^^^^^^^^^^^
  File "/home/mikhail/.conda/envs/IA/lib/python3.12/site-packages/openai/_base_client.py", line 1797, in post
    return await self.request(cast_to, opts, stream=stream, stream_cls=stream_cls)
           ^^^^^^^^^^^^^^^^^^^^^^^^^^^^^^^^^^^^^^^^^^^^^^^^^^^^^^^^^^^^^^^^^^^^^^^
  File "/home/mikhail/.conda/envs/IA/lib/python3.12/site-packages/openai/_base_client.py", line 1597, in request
    raise self._make_status_error_from_response(err.response) from None
openai.RateLimitError: Error code: 429 - {'error': {'message': 'Rate limit reached for gpt-4o in organization org-Slrgp7HI2I5TUyAkcyuAji9F on tokens per min (TPM): Limit 30000, Used 30000, Requested 5154. Please try again in 10.308s. Visit https://platform.openai.com/account/rate-limits to learn more.', 'type': 'tokens', 'param': None, 'code': 'rate_limit_exceeded'}}

During handling of the above exception, another exception occurred:

Traceback (most recent call last):
  File "/home/mikhail/.conda/envs/IA/lib/python3.12/site-packages/litellm/main.py", line 607, in acompletion
    response = await init_response
               ^^^^^^^^^^^^^^^^^^^
  File "/home/mikhail/.conda/envs/IA/lib/python3.12/site-packages/litellm/llms/openai/openai.py", line 883, in acompletion
    raise OpenAIError(
litellm.llms.openai.common_utils.OpenAIError: Error code: 429 - {'error': {'message': 'Rate limit reached for gpt-4o in organization org-Slrgp7HI2I5TUyAkcyuAji9F on tokens per min (TPM): Limit 30000, Used 30000, Requested 5154. Please try again in 10.308s. Visit https://platform.openai.com/account/rate-limits to learn more.', 'type': 'tokens', 'param': None, 'code': 'rate_limit_exceeded'}}

During handling of the above exception, another exception occurred:

Traceback (most recent call last):
  File "/home/mikhail/.conda/envs/IA/lib/python3.12/site-packages/graphrag/language_model/providers/litellm/services/retry/exponential_retry.py", line 71, in aretry
    return await func(**kwargs)
           ^^^^^^^^^^^^^^^^^^^^
  File "/home/mikhail/.conda/envs/IA/lib/python3.12/site-packages/graphrag/language_model/providers/litellm/chat_model.py", line 109, in _base_acompletion
    return await acompletion(**new_args)
           ^^^^^^^^^^^^^^^^^^^^^^^^^^^^^
  File "/home/mikhail/.conda/envs/IA/lib/python3.12/site-packages/litellm/utils.py", line 1646, in wrapper_async
    raise e
  File "/home/mikhail/.conda/envs/IA/lib/python3.12/site-packages/litellm/utils.py", line 1492, in wrapper_async
    result = await original_function(*args, **kwargs)
             ^^^^^^^^^^^^^^^^^^^^^^^^^^^^^^^^^^^^^^^^
  File "/home/mikhail/.conda/envs/IA/lib/python3.12/site-packages/litellm/main.py", line 626, in acompletion
    raise exception_type(
          ^^^^^^^^^^^^^^^
  File "/home/mikhail/.conda/envs/IA/lib/python3.12/site-packages/litellm/litellm_core_utils/exception_mapping_utils.py", line 2340, in exception_type
    raise e
  File "/home/mikhail/.conda/envs/IA/lib/python3.12/site-packages/litellm/litellm_core_utils/exception_mapping_utils.py", line 367, in exception_type
    raise RateLimitError(
litellm.exceptions.RateLimitError: litellm.RateLimitError: RateLimitError: OpenAIException - Rate limit reached for gpt-4o in organization org-Slrgp7HI2I5TUyAkcyuAji9F on tokens per min (TPM): Limit 30000, Used 30000, Requested 5154. Please try again in 10.308s. Visit https://platform.openai.com/account/rate-limits to learn more.
2025-12-18 22:39:15.0416 - ERROR - graphrag.language_model.providers.litellm.services.retry.exponential_retry - ExponentialRetry: Request failed, retrying, retries=1, delay=2.0, max_retries=10, exception=litellm.RateLimitError: RateLimitError: OpenAIException - Rate limit reached for gpt-4o in organization org-Slrgp7HI2I5TUyAkcyuAji9F on tokens per min (TPM): Limit 30000, Used 30000, Requested 5064. Please try again in 10.128s. Visit https://platform.openai.com/account/rate-limits to learn more.
Traceback (most recent call last):
  File "/home/mikhail/.conda/envs/IA/lib/python3.12/site-packages/litellm/llms/openai/openai.py", line 836, in acompletion
    headers, response = await self.make_openai_chat_completion_request(
                        ^^^^^^^^^^^^^^^^^^^^^^^^^^^^^^^^^^^^^^^^^^^^^^^
  File "/home/mikhail/.conda/envs/IA/lib/python3.12/site-packages/litellm/litellm_core_utils/logging_utils.py", line 190, in async_wrapper
    result = await func(*args, **kwargs)
             ^^^^^^^^^^^^^^^^^^^^^^^^^^^
  File "/home/mikhail/.conda/envs/IA/lib/python3.12/site-packages/litellm/llms/openai/openai.py", line 460, in make_openai_chat_completion_request
    raise e
  File "/home/mikhail/.conda/envs/IA/lib/python3.12/site-packages/litellm/llms/openai/openai.py", line 437, in make_openai_chat_completion_request
    await openai_aclient.chat.completions.with_raw_response.create(
  File "/home/mikhail/.conda/envs/IA/lib/python3.12/site-packages/openai/_legacy_response.py", line 381, in wrapped
    return cast(LegacyAPIResponse[R], await func(*args, **kwargs))
                                      ^^^^^^^^^^^^^^^^^^^^^^^^^^^
  File "/home/mikhail/.conda/envs/IA/lib/python3.12/site-packages/openai/resources/chat/completions/completions.py", line 2678, in create
    return await self._post(
           ^^^^^^^^^^^^^^^^^
  File "/home/mikhail/.conda/envs/IA/lib/python3.12/site-packages/openai/_base_client.py", line 1797, in post
    return await self.request(cast_to, opts, stream=stream, stream_cls=stream_cls)
           ^^^^^^^^^^^^^^^^^^^^^^^^^^^^^^^^^^^^^^^^^^^^^^^^^^^^^^^^^^^^^^^^^^^^^^^
  File "/home/mikhail/.conda/envs/IA/lib/python3.12/site-packages/openai/_base_client.py", line 1597, in request
    raise self._make_status_error_from_response(err.response) from None
openai.RateLimitError: Error code: 429 - {'error': {'message': 'Rate limit reached for gpt-4o in organization org-Slrgp7HI2I5TUyAkcyuAji9F on tokens per min (TPM): Limit 30000, Used 30000, Requested 5064. Please try again in 10.128s. Visit https://platform.openai.com/account/rate-limits to learn more.', 'type': 'tokens', 'param': None, 'code': 'rate_limit_exceeded'}}

During handling of the above exception, another exception occurred:

Traceback (most recent call last):
  File "/home/mikhail/.conda/envs/IA/lib/python3.12/site-packages/litellm/main.py", line 607, in acompletion
    response = await init_response
               ^^^^^^^^^^^^^^^^^^^
  File "/home/mikhail/.conda/envs/IA/lib/python3.12/site-packages/litellm/llms/openai/openai.py", line 883, in acompletion
    raise OpenAIError(
litellm.llms.openai.common_utils.OpenAIError: Error code: 429 - {'error': {'message': 'Rate limit reached for gpt-4o in organization org-Slrgp7HI2I5TUyAkcyuAji9F on tokens per min (TPM): Limit 30000, Used 30000, Requested 5064. Please try again in 10.128s. Visit https://platform.openai.com/account/rate-limits to learn more.', 'type': 'tokens', 'param': None, 'code': 'rate_limit_exceeded'}}

During handling of the above exception, another exception occurred:

Traceback (most recent call last):
  File "/home/mikhail/.conda/envs/IA/lib/python3.12/site-packages/graphrag/language_model/providers/litellm/services/retry/exponential_retry.py", line 71, in aretry
    return await func(**kwargs)
           ^^^^^^^^^^^^^^^^^^^^
  File "/home/mikhail/.conda/envs/IA/lib/python3.12/site-packages/graphrag/language_model/providers/litellm/chat_model.py", line 109, in _base_acompletion
    return await acompletion(**new_args)
           ^^^^^^^^^^^^^^^^^^^^^^^^^^^^^
  File "/home/mikhail/.conda/envs/IA/lib/python3.12/site-packages/litellm/utils.py", line 1646, in wrapper_async
    raise e
  File "/home/mikhail/.conda/envs/IA/lib/python3.12/site-packages/litellm/utils.py", line 1492, in wrapper_async
    result = await original_function(*args, **kwargs)
             ^^^^^^^^^^^^^^^^^^^^^^^^^^^^^^^^^^^^^^^^
  File "/home/mikhail/.conda/envs/IA/lib/python3.12/site-packages/litellm/main.py", line 626, in acompletion
    raise exception_type(
          ^^^^^^^^^^^^^^^
  File "/home/mikhail/.conda/envs/IA/lib/python3.12/site-packages/litellm/litellm_core_utils/exception_mapping_utils.py", line 2340, in exception_type
    raise e
  File "/home/mikhail/.conda/envs/IA/lib/python3.12/site-packages/litellm/litellm_core_utils/exception_mapping_utils.py", line 367, in exception_type
    raise RateLimitError(
litellm.exceptions.RateLimitError: litellm.RateLimitError: RateLimitError: OpenAIException - Rate limit reached for gpt-4o in organization org-Slrgp7HI2I5TUyAkcyuAji9F on tokens per min (TPM): Limit 30000, Used 30000, Requested 5064. Please try again in 10.128s. Visit https://platform.openai.com/account/rate-limits to learn more.
2025-12-18 22:39:16.0128 - ERROR - graphrag.language_model.providers.litellm.services.retry.exponential_retry - ExponentialRetry: Request failed, retrying, retries=1, delay=2.0, max_retries=10, exception=litellm.RateLimitError: RateLimitError: OpenAIException - Rate limit reached for gpt-4o in organization org-Slrgp7HI2I5TUyAkcyuAji9F on tokens per min (TPM): Limit 30000, Used 30000, Requested 5338. Please try again in 10.676s. Visit https://platform.openai.com/account/rate-limits to learn more.
Traceback (most recent call last):
  File "/home/mikhail/.conda/envs/IA/lib/python3.12/site-packages/litellm/llms/openai/openai.py", line 836, in acompletion
    headers, response = await self.make_openai_chat_completion_request(
                        ^^^^^^^^^^^^^^^^^^^^^^^^^^^^^^^^^^^^^^^^^^^^^^^
  File "/home/mikhail/.conda/envs/IA/lib/python3.12/site-packages/litellm/litellm_core_utils/logging_utils.py", line 190, in async_wrapper
    result = await func(*args, **kwargs)
             ^^^^^^^^^^^^^^^^^^^^^^^^^^^
  File "/home/mikhail/.conda/envs/IA/lib/python3.12/site-packages/litellm/llms/openai/openai.py", line 460, in make_openai_chat_completion_request
    raise e
  File "/home/mikhail/.conda/envs/IA/lib/python3.12/site-packages/litellm/llms/openai/openai.py", line 437, in make_openai_chat_completion_request
    await openai_aclient.chat.completions.with_raw_response.create(
  File "/home/mikhail/.conda/envs/IA/lib/python3.12/site-packages/openai/_legacy_response.py", line 381, in wrapped
    return cast(LegacyAPIResponse[R], await func(*args, **kwargs))
                                      ^^^^^^^^^^^^^^^^^^^^^^^^^^^
  File "/home/mikhail/.conda/envs/IA/lib/python3.12/site-packages/openai/resources/chat/completions/completions.py", line 2678, in create
    return await self._post(
           ^^^^^^^^^^^^^^^^^
  File "/home/mikhail/.conda/envs/IA/lib/python3.12/site-packages/openai/_base_client.py", line 1797, in post
    return await self.request(cast_to, opts, stream=stream, stream_cls=stream_cls)
           ^^^^^^^^^^^^^^^^^^^^^^^^^^^^^^^^^^^^^^^^^^^^^^^^^^^^^^^^^^^^^^^^^^^^^^^
  File "/home/mikhail/.conda/envs/IA/lib/python3.12/site-packages/openai/_base_client.py", line 1597, in request
    raise self._make_status_error_from_response(err.response) from None
openai.RateLimitError: Error code: 429 - {'error': {'message': 'Rate limit reached for gpt-4o in organization org-Slrgp7HI2I5TUyAkcyuAji9F on tokens per min (TPM): Limit 30000, Used 30000, Requested 5338. Please try again in 10.676s. Visit https://platform.openai.com/account/rate-limits to learn more.', 'type': 'tokens', 'param': None, 'code': 'rate_limit_exceeded'}}

During handling of the above exception, another exception occurred:

Traceback (most recent call last):
  File "/home/mikhail/.conda/envs/IA/lib/python3.12/site-packages/litellm/main.py", line 607, in acompletion
    response = await init_response
               ^^^^^^^^^^^^^^^^^^^
  File "/home/mikhail/.conda/envs/IA/lib/python3.12/site-packages/litellm/llms/openai/openai.py", line 883, in acompletion
    raise OpenAIError(
litellm.llms.openai.common_utils.OpenAIError: Error code: 429 - {'error': {'message': 'Rate limit reached for gpt-4o in organization org-Slrgp7HI2I5TUyAkcyuAji9F on tokens per min (TPM): Limit 30000, Used 30000, Requested 5338. Please try again in 10.676s. Visit https://platform.openai.com/account/rate-limits to learn more.', 'type': 'tokens', 'param': None, 'code': 'rate_limit_exceeded'}}

During handling of the above exception, another exception occurred:

Traceback (most recent call last):
  File "/home/mikhail/.conda/envs/IA/lib/python3.12/site-packages/graphrag/language_model/providers/litellm/services/retry/exponential_retry.py", line 71, in aretry
    return await func(**kwargs)
           ^^^^^^^^^^^^^^^^^^^^
  File "/home/mikhail/.conda/envs/IA/lib/python3.12/site-packages/graphrag/language_model/providers/litellm/chat_model.py", line 109, in _base_acompletion
    return await acompletion(**new_args)
           ^^^^^^^^^^^^^^^^^^^^^^^^^^^^^
  File "/home/mikhail/.conda/envs/IA/lib/python3.12/site-packages/litellm/utils.py", line 1646, in wrapper_async
    raise e
  File "/home/mikhail/.conda/envs/IA/lib/python3.12/site-packages/litellm/utils.py", line 1492, in wrapper_async
    result = await original_function(*args, **kwargs)
             ^^^^^^^^^^^^^^^^^^^^^^^^^^^^^^^^^^^^^^^^
  File "/home/mikhail/.conda/envs/IA/lib/python3.12/site-packages/litellm/main.py", line 626, in acompletion
    raise exception_type(
          ^^^^^^^^^^^^^^^
  File "/home/mikhail/.conda/envs/IA/lib/python3.12/site-packages/litellm/litellm_core_utils/exception_mapping_utils.py", line 2340, in exception_type
    raise e
  File "/home/mikhail/.conda/envs/IA/lib/python3.12/site-packages/litellm/litellm_core_utils/exception_mapping_utils.py", line 367, in exception_type
    raise RateLimitError(
litellm.exceptions.RateLimitError: litellm.RateLimitError: RateLimitError: OpenAIException - Rate limit reached for gpt-4o in organization org-Slrgp7HI2I5TUyAkcyuAji9F on tokens per min (TPM): Limit 30000, Used 30000, Requested 5338. Please try again in 10.676s. Visit https://platform.openai.com/account/rate-limits to learn more.
2025-12-18 22:39:16.0938 - ERROR - graphrag.language_model.providers.litellm.services.retry.exponential_retry - ExponentialRetry: Request failed, retrying, retries=1, delay=2.0, max_retries=10, exception=litellm.RateLimitError: RateLimitError: OpenAIException - Rate limit reached for gpt-4o in organization org-Slrgp7HI2I5TUyAkcyuAji9F on tokens per min (TPM): Limit 30000, Used 30000, Requested 5242. Please try again in 10.484s. Visit https://platform.openai.com/account/rate-limits to learn more.
Traceback (most recent call last):
  File "/home/mikhail/.conda/envs/IA/lib/python3.12/site-packages/litellm/llms/openai/openai.py", line 836, in acompletion
    headers, response = await self.make_openai_chat_completion_request(
                        ^^^^^^^^^^^^^^^^^^^^^^^^^^^^^^^^^^^^^^^^^^^^^^^
  File "/home/mikhail/.conda/envs/IA/lib/python3.12/site-packages/litellm/litellm_core_utils/logging_utils.py", line 190, in async_wrapper
    result = await func(*args, **kwargs)
             ^^^^^^^^^^^^^^^^^^^^^^^^^^^
  File "/home/mikhail/.conda/envs/IA/lib/python3.12/site-packages/litellm/llms/openai/openai.py", line 460, in make_openai_chat_completion_request
    raise e
  File "/home/mikhail/.conda/envs/IA/lib/python3.12/site-packages/litellm/llms/openai/openai.py", line 437, in make_openai_chat_completion_request
    await openai_aclient.chat.completions.with_raw_response.create(
  File "/home/mikhail/.conda/envs/IA/lib/python3.12/site-packages/openai/_legacy_response.py", line 381, in wrapped
    return cast(LegacyAPIResponse[R], await func(*args, **kwargs))
                                      ^^^^^^^^^^^^^^^^^^^^^^^^^^^
  File "/home/mikhail/.conda/envs/IA/lib/python3.12/site-packages/openai/resources/chat/completions/completions.py", line 2678, in create
    return await self._post(
           ^^^^^^^^^^^^^^^^^
  File "/home/mikhail/.conda/envs/IA/lib/python3.12/site-packages/openai/_base_client.py", line 1797, in post
    return await self.request(cast_to, opts, stream=stream, stream_cls=stream_cls)
           ^^^^^^^^^^^^^^^^^^^^^^^^^^^^^^^^^^^^^^^^^^^^^^^^^^^^^^^^^^^^^^^^^^^^^^^
  File "/home/mikhail/.conda/envs/IA/lib/python3.12/site-packages/openai/_base_client.py", line 1597, in request
    raise self._make_status_error_from_response(err.response) from None
openai.RateLimitError: Error code: 429 - {'error': {'message': 'Rate limit reached for gpt-4o in organization org-Slrgp7HI2I5TUyAkcyuAji9F on tokens per min (TPM): Limit 30000, Used 30000, Requested 5242. Please try again in 10.484s. Visit https://platform.openai.com/account/rate-limits to learn more.', 'type': 'tokens', 'param': None, 'code': 'rate_limit_exceeded'}}

During handling of the above exception, another exception occurred:

Traceback (most recent call last):
  File "/home/mikhail/.conda/envs/IA/lib/python3.12/site-packages/litellm/main.py", line 607, in acompletion
    response = await init_response
               ^^^^^^^^^^^^^^^^^^^
  File "/home/mikhail/.conda/envs/IA/lib/python3.12/site-packages/litellm/llms/openai/openai.py", line 883, in acompletion
    raise OpenAIError(
litellm.llms.openai.common_utils.OpenAIError: Error code: 429 - {'error': {'message': 'Rate limit reached for gpt-4o in organization org-Slrgp7HI2I5TUyAkcyuAji9F on tokens per min (TPM): Limit 30000, Used 30000, Requested 5242. Please try again in 10.484s. Visit https://platform.openai.com/account/rate-limits to learn more.', 'type': 'tokens', 'param': None, 'code': 'rate_limit_exceeded'}}

During handling of the above exception, another exception occurred:

Traceback (most recent call last):
  File "/home/mikhail/.conda/envs/IA/lib/python3.12/site-packages/graphrag/language_model/providers/litellm/services/retry/exponential_retry.py", line 71, in aretry
    return await func(**kwargs)
           ^^^^^^^^^^^^^^^^^^^^
  File "/home/mikhail/.conda/envs/IA/lib/python3.12/site-packages/graphrag/language_model/providers/litellm/chat_model.py", line 109, in _base_acompletion
    return await acompletion(**new_args)
           ^^^^^^^^^^^^^^^^^^^^^^^^^^^^^
  File "/home/mikhail/.conda/envs/IA/lib/python3.12/site-packages/litellm/utils.py", line 1646, in wrapper_async
    raise e
  File "/home/mikhail/.conda/envs/IA/lib/python3.12/site-packages/litellm/utils.py", line 1492, in wrapper_async
    result = await original_function(*args, **kwargs)
             ^^^^^^^^^^^^^^^^^^^^^^^^^^^^^^^^^^^^^^^^
  File "/home/mikhail/.conda/envs/IA/lib/python3.12/site-packages/litellm/main.py", line 626, in acompletion
    raise exception_type(
          ^^^^^^^^^^^^^^^
  File "/home/mikhail/.conda/envs/IA/lib/python3.12/site-packages/litellm/litellm_core_utils/exception_mapping_utils.py", line 2340, in exception_type
    raise e
  File "/home/mikhail/.conda/envs/IA/lib/python3.12/site-packages/litellm/litellm_core_utils/exception_mapping_utils.py", line 367, in exception_type
    raise RateLimitError(
litellm.exceptions.RateLimitError: litellm.RateLimitError: RateLimitError: OpenAIException - Rate limit reached for gpt-4o in organization org-Slrgp7HI2I5TUyAkcyuAji9F on tokens per min (TPM): Limit 30000, Used 30000, Requested 5242. Please try again in 10.484s. Visit https://platform.openai.com/account/rate-limits to learn more.
2025-12-18 22:39:18.0416 - INFO - graphrag.logger.progress - extract graph progress: 1/10
2025-12-18 22:39:18.0417 - INFO - graphrag.logger.progress - extract graph progress: 2/10
2025-12-18 22:39:18.0417 - INFO - graphrag.logger.progress - extract graph progress: 3/10
2025-12-18 22:39:18.0417 - INFO - graphrag.logger.progress - extract graph progress: 4/10
2025-12-18 22:39:18.0417 - INFO - graphrag.logger.progress - extract graph progress: 5/10
2025-12-18 22:39:18.0418 - INFO - graphrag.logger.progress - extract graph progress: 6/10
2025-12-18 22:39:18.0418 - INFO - graphrag.logger.progress - extract graph progress: 7/10
2025-12-18 22:39:18.0418 - INFO - graphrag.logger.progress - extract graph progress: 8/10
2025-12-18 22:39:18.0418 - INFO - graphrag.logger.progress - extract graph progress: 9/10
2025-12-18 22:39:18.0419 - INFO - graphrag.logger.progress - extract graph progress: 10/10
2025-12-18 22:42:04.0100 - INFO - graphrag.index.validate_config - LLM Config Params Validated
2025-12-18 22:42:06.0378 - INFO - graphrag.index.validate_config - Embedding LLM Config Params Validated
2025-12-18 22:42:06.0378 - INFO - graphrag.cli.index - Starting pipeline run. False
2025-12-18 22:42:06.0379 - INFO - graphrag.cli.index - Using default configuration: {
    "root_dir": "/home/mikhail/Laad/RAG/Microsoft_GraphRag_GPT-5-nano",
    "models": {
        "default_chat_model": {
            "api_key": "==== REDACTED ====",
            "auth_type": "api_key",
            "type": "chat",
            "model_provider": "openai",
            "model": "gpt-4o-2024-08-06",
            "encoding_model": "",
            "api_base": null,
            "api_version": null,
            "deployment_name": null,
            "proxy": null,
            "audience": null,
            "model_supports_json": true,
            "request_timeout": 180.0,
            "tokens_per_minute": null,
            "requests_per_minute": null,
            "rate_limit_strategy": "static",
            "retry_strategy": "exponential_backoff",
            "max_retries": 10,
            "max_retry_wait": 10.0,
            "concurrent_requests": 5,
            "async_mode": "threaded",
            "responses": null,
            "max_tokens": null,
            "temperature": 0,
            "max_completion_tokens": null,
            "reasoning_effort": null,
            "top_p": 1,
            "n": 1,
            "frequency_penalty": 0.0,
            "presence_penalty": 0.0
        },
        "default_embedding_model": {
            "api_key": "==== REDACTED ====",
            "auth_type": "api_key",
            "type": "embedding",
            "model_provider": "openai",
            "model": "text-embedding-3-small",
            "encoding_model": "",
            "api_base": null,
            "api_version": null,
            "deployment_name": null,
            "proxy": null,
            "audience": null,
            "model_supports_json": null,
            "request_timeout": 180.0,
            "tokens_per_minute": null,
            "requests_per_minute": null,
            "rate_limit_strategy": "static",
            "retry_strategy": "exponential_backoff",
            "max_retries": 10,
            "max_retry_wait": 10.0,
            "concurrent_requests": 5,
            "async_mode": "threaded",
            "responses": null,
            "max_tokens": null,
            "temperature": 0,
            "max_completion_tokens": null,
            "reasoning_effort": null,
            "top_p": 1,
            "n": 1,
            "frequency_penalty": 0.0,
            "presence_penalty": 0.0
        }
    },
    "input": {
        "storage": {
            "type": "file",
            "base_dir": "/home/mikhail/Laad/RAG/Microsoft_GraphRag_GPT-5-nano/input",
            "storage_account_blob_url": null,
            "cosmosdb_account_url": null
        },
        "file_type": "text",
        "encoding": "utf-8",
        "file_pattern": ".*\\.txt$",
        "file_filter": null,
        "text_column": "text",
        "title_column": null,
        "metadata": null
    },
    "chunks": {
        "size": 1200,
        "overlap": 100,
        "group_by_columns": [
            "id"
        ],
        "strategy": "tokens",
        "encoding_model": "cl100k_base",
        "prepend_metadata": false,
        "chunk_size_includes_metadata": false
    },
    "output": {
        "type": "file",
        "base_dir": "/home/mikhail/Laad/RAG/Microsoft_GraphRag_GPT-5-nano/output",
        "storage_account_blob_url": null,
        "cosmosdb_account_url": null
    },
    "outputs": null,
    "update_index_output": {
        "type": "file",
        "base_dir": "/home/mikhail/Laad/RAG/Microsoft_GraphRag_GPT-5-nano/update_output",
        "storage_account_blob_url": null,
        "cosmosdb_account_url": null
    },
    "cache": {
        "type": "file",
        "base_dir": "cache",
        "storage_account_blob_url": null,
        "cosmosdb_account_url": null
    },
    "reporting": {
        "type": "file",
        "base_dir": "/home/mikhail/Laad/RAG/Microsoft_GraphRag_GPT-5-nano/logs",
        "storage_account_blob_url": null
    },
    "vector_store": {
        "default_vector_store": {
            "type": "lancedb",
            "db_uri": "/home/mikhail/Laad/RAG/Microsoft_GraphRag_GPT-5-nano/output/lancedb",
            "url": null,
            "audience": null,
            "container_name": "==== REDACTED ====",
            "database_name": null,
            "overwrite": true,
            "embeddings_schema": {}
        }
    },
    "workflows": null,
    "embed_text": {
        "model_id": "default_embedding_model",
        "vector_store_id": "default_vector_store",
        "batch_size": 16,
        "batch_max_tokens": 8191,
        "names": [
            "entity.description",
            "community.full_content",
            "text_unit.text"
        ],
        "strategy": null
    },
    "extract_graph": {
        "model_id": "default_chat_model",
        "prompt": "prompts/extract_graph.txt",
        "entity_types": [
            "organization",
            "person",
            "geo",
            "event"
        ],
        "max_gleanings": 1,
        "strategy": null
    },
    "summarize_descriptions": {
        "model_id": "default_chat_model",
        "prompt": "prompts/summarize_descriptions.txt",
        "max_length": 500,
        "max_input_tokens": 4000,
        "strategy": null
    },
    "extract_graph_nlp": {
        "normalize_edge_weights": true,
        "text_analyzer": {
            "extractor_type": "regex_english",
            "model_name": "en_core_web_md",
            "max_word_length": 15,
            "word_delimiter": " ",
            "include_named_entities": true,
            "exclude_nouns": [
                "stuff",
                "thing",
                "things",
                "bunch",
                "bit",
                "bits",
                "people",
                "person",
                "okay",
                "hey",
                "hi",
                "hello",
                "laughter",
                "oh"
            ],
            "exclude_entity_tags": [
                "DATE"
            ],
            "exclude_pos_tags": [
                "DET",
                "PRON",
                "INTJ",
                "X"
            ],
            "noun_phrase_tags": [
                "PROPN",
                "NOUNS"
            ],
            "noun_phrase_grammars": {
                "PROPN,PROPN": "PROPN",
                "NOUN,NOUN": "NOUNS",
                "NOUNS,NOUN": "NOUNS",
                "ADJ,ADJ": "ADJ",
                "ADJ,NOUN": "NOUNS"
            }
        },
        "concurrent_requests": 25,
        "async_mode": "threaded"
    },
    "prune_graph": {
        "min_node_freq": 2,
        "max_node_freq_std": null,
        "min_node_degree": 1,
        "max_node_degree_std": null,
        "min_edge_weight_pct": 40.0,
        "remove_ego_nodes": true,
        "lcc_only": false
    },
    "cluster_graph": {
        "max_cluster_size": 10,
        "use_lcc": true,
        "seed": 3735928559
    },
    "extract_claims": {
        "enabled": false,
        "model_id": "default_chat_model",
        "prompt": "prompts/extract_claims.txt",
        "description": "Any claims or facts that could be relevant to information discovery.",
        "max_gleanings": 1,
        "strategy": null
    },
    "community_reports": {
        "model_id": "default_chat_model",
        "graph_prompt": "prompts/community_report_graph.txt",
        "text_prompt": "prompts/community_report_text.txt",
        "max_length": 2000,
        "max_input_length": 8000,
        "strategy": null
    },
    "embed_graph": {
        "enabled": false,
        "dimensions": 1536,
        "num_walks": 10,
        "walk_length": 40,
        "window_size": 2,
        "iterations": 3,
        "random_seed": 597832,
        "use_lcc": true
    },
    "umap": {
        "enabled": false
    },
    "snapshots": {
        "embeddings": false,
        "graphml": false,
        "raw_graph": false
    },
    "local_search": {
        "prompt": "prompts/local_search_system_prompt.txt",
        "chat_model_id": "default_chat_model",
        "embedding_model_id": "default_embedding_model",
        "text_unit_prop": 0.5,
        "community_prop": 0.15,
        "conversation_history_max_turns": 5,
        "top_k_entities": 10,
        "top_k_relationships": 10,
        "max_context_tokens": 12000
    },
    "global_search": {
        "map_prompt": "prompts/global_search_map_system_prompt.txt",
        "reduce_prompt": "prompts/global_search_reduce_system_prompt.txt",
        "chat_model_id": "default_chat_model",
        "knowledge_prompt": "prompts/global_search_knowledge_system_prompt.txt",
        "max_context_tokens": 12000,
        "data_max_tokens": 12000,
        "map_max_length": 1000,
        "reduce_max_length": 2000,
        "dynamic_search_threshold": 1,
        "dynamic_search_keep_parent": false,
        "dynamic_search_num_repeats": 1,
        "dynamic_search_use_summary": false,
        "dynamic_search_max_level": 2
    },
    "drift_search": {
        "prompt": "prompts/drift_search_system_prompt.txt",
        "reduce_prompt": "prompts/drift_search_reduce_prompt.txt",
        "chat_model_id": "default_chat_model",
        "embedding_model_id": "default_embedding_model",
        "data_max_tokens": 12000,
        "reduce_max_tokens": null,
        "reduce_temperature": 0,
        "reduce_max_completion_tokens": null,
        "concurrency": 32,
        "drift_k_followups": 20,
        "primer_folds": 5,
        "primer_llm_max_tokens": 12000,
        "n_depth": 3,
        "local_search_text_unit_prop": 0.9,
        "local_search_community_prop": 0.1,
        "local_search_top_k_mapped_entities": 10,
        "local_search_top_k_relationships": 10,
        "local_search_max_data_tokens": 12000,
        "local_search_temperature": 0,
        "local_search_top_p": 1,
        "local_search_n": 1,
        "local_search_llm_max_gen_tokens": null,
        "local_search_llm_max_gen_completion_tokens": null
    },
    "basic_search": {
        "prompt": "prompts/basic_search_system_prompt.txt",
        "chat_model_id": "default_chat_model",
        "embedding_model_id": "default_embedding_model",
        "k": 10,
        "max_context_tokens": 12000
    }
}
2025-12-18 22:42:06.0379 - INFO - graphrag.api.index - Initializing indexing pipeline...
2025-12-18 22:42:06.0379 - INFO - graphrag.index.workflows.factory - Creating pipeline with workflows: ['load_input_documents', 'create_base_text_units', 'create_final_documents', 'extract_graph', 'finalize_graph', 'extract_covariates', 'create_communities', 'create_final_text_units', 'create_community_reports', 'generate_text_embeddings']
2025-12-18 22:42:06.0379 - INFO - graphrag.storage.file_pipeline_storage - Creating file storage at /home/mikhail/Laad/RAG/Microsoft_GraphRag_GPT-5-nano/input
2025-12-18 22:42:06.0379 - INFO - graphrag.storage.file_pipeline_storage - Creating file storage at /home/mikhail/Laad/RAG/Microsoft_GraphRag_GPT-5-nano/output
2025-12-18 22:42:06.0379 - INFO - graphrag.storage.file_pipeline_storage - Creating file storage at /home/mikhail/Laad/RAG/Microsoft_GraphRag_GPT-5-nano
2025-12-18 22:42:06.0379 - INFO - graphrag.storage.file_pipeline_storage - Creating file storage at /home/mikhail/Laad/RAG/Microsoft_GraphRag_GPT-5-nano/cache
2025-12-18 22:42:06.0380 - INFO - graphrag.index.run.run_pipeline - Running standard indexing.
2025-12-18 22:42:06.0380 - INFO - graphrag.storage.file_pipeline_storage - Creating file storage at 
2025-12-18 22:42:06.0381 - INFO - graphrag.index.run.run_pipeline - Executing pipeline...
2025-12-18 22:42:06.0381 - INFO - graphrag.index.input.factory - loading input from root_dir=/home/mikhail/Laad/RAG/Microsoft_GraphRag_GPT-5-nano/input
2025-12-18 22:42:06.0381 - INFO - graphrag.index.input.factory - Loading Input InputFileType.text
2025-12-18 22:42:06.0381 - INFO - graphrag.storage.file_pipeline_storage - search /home/mikhail/Laad/RAG/Microsoft_GraphRag_GPT-5-nano/input for files matching .*\.txt$
2025-12-18 22:42:06.0382 - INFO - graphrag.index.input.util - Found 1 InputFileType.text files, loading 1
2025-12-18 22:42:06.0382 - INFO - graphrag.index.input.util - Total number of unfiltered InputFileType.text rows: 1
2025-12-18 22:42:06.0383 - INFO - graphrag.index.workflows.load_input_documents - Final # of rows loaded: 1
2025-12-18 22:42:06.0386 - INFO - graphrag.api.index - Workflow load_input_documents completed successfully
2025-12-18 22:42:06.0392 - INFO - graphrag.index.workflows.create_base_text_units - Workflow started: create_base_text_units
2025-12-18 22:42:06.0392 - INFO - graphrag.utils.storage - reading table from storage: documents.parquet
2025-12-18 22:42:06.0398 - INFO - graphrag.index.workflows.create_base_text_units - Starting chunking process for 1 documents
2025-12-18 22:42:06.0409 - INFO - graphrag.index.workflows.create_base_text_units - chunker progress:  1/1
2025-12-18 22:42:06.0415 - INFO - graphrag.index.workflows.create_base_text_units - Workflow completed: create_base_text_units
2025-12-18 22:42:06.0415 - INFO - graphrag.api.index - Workflow create_base_text_units completed successfully
2025-12-18 22:42:06.0419 - INFO - graphrag.index.workflows.create_final_documents - Workflow started: create_final_documents
2025-12-18 22:42:06.0419 - INFO - graphrag.utils.storage - reading table from storage: documents.parquet
2025-12-18 22:42:06.0424 - INFO - graphrag.utils.storage - reading table from storage: text_units.parquet
2025-12-18 22:42:06.0435 - INFO - graphrag.index.workflows.create_final_documents - Workflow completed: create_final_documents
2025-12-18 22:42:06.0435 - INFO - graphrag.api.index - Workflow create_final_documents completed successfully
2025-12-18 22:42:06.0440 - INFO - graphrag.index.workflows.extract_graph - Workflow started: extract_graph
2025-12-18 22:42:06.0441 - INFO - graphrag.utils.storage - reading table from storage: text_units.parquet
2025-12-18 22:42:06.0445 - INFO - graphrag.storage.file_pipeline_storage - Creating file storage at /home/mikhail/Laad/RAG/Microsoft_GraphRag_GPT-5-nano/cache/extract_graph
2025-12-18 22:42:09.0460 - INFO - graphrag.logger.progress - extract graph progress: 1/10
2025-12-18 22:42:10.0164 - INFO - graphrag.logger.progress - extract graph progress: 2/10
2025-12-18 22:42:11.0522 - INFO - graphrag.logger.progress - extract graph progress: 3/10
